get_transmitter_combinator:{}
get_transmitter_combinator:{"15007641":{"3":[{"signal":{"type":"item","name":"iron-chest"},"count":32},{"signal":{"type":"item","name":"steel-chest"},"count":558},{"signal":{"type":"item","name":"storage-tank"},"count":134},{"signal":{"type":"item","name":"express-transport-belt"},"count":4772},{"signal":{"type":"item","name":"express-underground-belt"},"count":344},{"signal":{"type":"item","name":"express-splitter"},"count":350},{"signal":{"type":"item","name":"burner-inserter"},"count":848},{"signal":{"type":"item","name":"inserter"},"count":150},{"signal":{"type":"item","name":"long-handed-inserter"},"count":630},{"signal":{"type":"item","name":"fast-inserter"},"count":354},{"signal":{"type":"item","name":"filter-inserter"},"count":566},{"signal":{"type":"item","name":"stack-inserter"},"count":526},{"signal":{"type":"item","name":"stack-filter-inserter"},"count":50},{"signal":{"type":"item","name":"small-electric-pole"},"count":184},{"signal":{"type":"item","name":"medium-electric-pole"},"count":796},{"signal":{"type":"item","name":"big-electric-pole"},"count":1165},{"signal":{"type":"item","name":"substation"},"count":2368},{"signal":{"type":"item","name":"pipe"},"count":2295},{"signal":{"type":"item","name":"pipe-to-ground"},"count":600},{"signal":{"type":"item","name":"pump"},"count":28},{"signal":{"type":"item","name":"rail"},"count":9784},{"signal":{"type":"item","name":"train-stop"},"count":336},{"signal":{"type":"item","name":"logistic-train-stop"},"count":2},{"signal":{"type":"item","name":"rail-signal"},"count":944},{"signal":{"type":"item","name":"rail-chain-signal"},"count":349},{"signal":{"type":"item","name":"locomotive"},"count":116},{"signal":{"type":"item","name":"cargo-wagon"},"count":134},{"signal":{"type":"item","name":"fluid-wagon"},"count":10},{"signal":{"type":"item","name":"artillery-wagon"},"count":10},{"signal":{"type":"item","name":"car"},"count":10},{"signal":{"type":"item","name":"tank"},"count":10},{"signal":{"type":"item","name":"logistic-robot"},"count":5603},{"signal":{"type":"item","name":"construction-robot"},"count":23094},{"signal":{"type":"item","name":"logistic-chest-active-provider"},"count":406},{"signal":{"type":"item","name":"logistic-chest-passive-provider"},"count":1034},{"signal":{"type":"item","name":"logistic-chest-storage"},"count":905},{"signal":{"type":"item","name":"logistic-chest-buffer"},"count":926},{"signal":{"type":"item","name":"logistic-chest-requester"},"count":565},{"signal":{"type":"item","name":"roboport"},"count":1050},{"signal":{"type":"item","name":"small-lamp"},"count":22301},{"signal":{"type":"item","name":"red-wire"},"count":208},{"signal":{"type":"item","name":"green-wire"},"count":213},{"signal":{"type":"item","name":"arithmetic-combinator"},"count":393},{"signal":{"type":"item","name":"decider-combinator"},"count":338},{"signal":{"type":"item","name":"constant-combinator"},"count":273},{"signal":{"type":"item","name":"power-switch"},"count":5},{"signal":{"type":"item","name":"stone-brick"},"count":9600},{"signal":{"type":"item","name":"concrete"},"count":24003},{"signal":{"type":"item","name":"refined-concrete"},"count":57600},{"signal":{"type":"item","name":"refined-hazard-concrete"},"count":22902},{"signal":{"type":"item","name":"waterfill"},"count":2600},{"signal":{"type":"item","name":"repair-pack"},"count":1097},{"signal":{"type":"item","name":"blueprint-book"},"count":1},{"signal":{"type":"item","name":"boiler"},"count":180},{"signal":{"type":"item","name":"steam-engine"},"count":360},{"signal":{"type":"item","name":"steam-turbine"},"count":710},{"signal":{"type":"item","name":"solar-panel"},"count":100},{"signal":{"type":"item","name":"accumulator"},"count":100},{"signal":{"type":"item","name":"nuclear-reactor"},"count":56},{"signal":{"type":"item","name":"heat-exchanger"},"count":552},{"signal":{"type":"item","name":"heat-pipe"},"count":4468},{"signal":{"type":"item","name":"burner-mining-drill"},"count":21},{"signal":{"type":"item","name":"electric-mining-drill"},"count":367},{"signal":{"type":"item","name":"offshore-pump"},"count":70},{"signal":{"type":"item","name":"pumpjack"},"count":103},{"signal":{"type":"item","name":"stone-furnace"},"count":199},{"signal":{"type":"item","name":"steel-furnace"},"count":448},{"signal":{"type":"item","name":"electric-furnace"},"count":4800},{"signal":{"type":"item","name":"assembling-machine-1"},"count":101},{"signal":{"type":"item","name":"assembling-machine-2"},"count":100},{"signal":{"type":"item","name":"assembling-machine-3"},"count":896},{"signal":{"type":"item","name":"oil-refinery"},"count":21},{"signal":{"type":"item","name":"chemical-plant"},"count":105},{"signal":{"type":"item","name":"centrifuge"},"count":29},{"signal":{"type":"item","name":"lab"},"count":23},{"signal":{"type":"item","name":"beacon"},"count":163},{"signal":{"type":"item","name":"speed-module"},"count":101},{"signal":{"type":"item","name":"speed-module-2"},"count":100},{"signal":{"type":"item","name":"speed-module-3"},"count":3270},{"signal":{"type":"item","name":"productivity-module"},"count":514},{"signal":{"type":"item","name":"productivity-module-2"},"count":100},{"signal":{"type":"item","name":"productivity-module-3"},"count":2652},{"signal":{"type":"item","name":"coal"},"count":2400},{"signal":{"type":"item","name":"stone"},"count":6558},{"signal":{"type":"item","name":"iron-ore"},"count":6612},{"signal":{"type":"item","name":"copper-ore"},"count":444795},{"signal":{"type":"item","name":"uranium-ore"},"count":4776},{"signal":{"type":"item","name":"raw-fish"},"count":15},{"signal":{"type":"item","name":"iron-plate"},"count":10800},{"signal":{"type":"item","name":"copper-plate"},"count":21185},{"signal":{"type":"item","name":"solid-fuel"},"count":4800},{"signal":{"type":"item","name":"steel-plate"},"count":17600},{"signal":{"type":"item","name":"plastic-bar"},"count":4800},{"signal":{"type":"item","name":"sulfur"},"count":9600},{"signal":{"type":"item","name":"battery"},"count":38400},{"signal":{"type":"item","name":"explosives"},"count":9600},{"signal":{"type":"item","name":"crude-oil-barrel"},"count":482},{"signal":{"type":"item","name":"light-oil-barrel"},"count":960},{"signal":{"type":"item","name":"lubricant-barrel"},"count":960},{"signal":{"type":"item","name":"petroleum-gas-barrel"},"count":961},{"signal":{"type":"item","name":"sulfuric-acid-barrel"},"count":962},{"signal":{"type":"item","name":"water-barrel"},"count":1443},{"signal":{"type":"item","name":"copper-cable"},"count":1033},{"signal":{"type":"item","name":"iron-stick"},"count":1148},{"signal":{"type":"item","name":"iron-gear-wheel"},"count":1022},{"signal":{"type":"item","name":"empty-barrel"},"count":1928},{"signal":{"type":"item","name":"electronic-circuit"},"count":17603},{"signal":{"type":"item","name":"advanced-circuit"},"count":27200},{"signal":{"type":"item","name":"processing-unit"},"count":1000},{"signal":{"type":"item","name":"engine-unit"},"count":9600},{"signal":{"type":"item","name":"flying-robot-frame"},"count":128},{"signal":{"type":"item","name":"satellite"},"count":1},{"signal":{"type":"item","name":"rocket-control-unit"},"count":7200},{"signal":{"type":"item","name":"low-density-structure"},"count":682},{"signal":{"type":"item","name":"rocket-fuel"},"count":8160},{"signal":{"type":"item","name":"nuclear-fuel"},"count":323},{"signal":{"type":"item","name":"uranium-235"},"count":26165},{"signal":{"type":"item","name":"uranium-238"},"count":21585},{"signal":{"type":"item","name":"uranium-fuel-cell"},"count":2400},{"signal":{"type":"item","name":"used-up-uranium-fuel-cell"},"count":40220},{"signal":{"type":"item","name":"automation-science-pack"},"count":19200},{"signal":{"type":"item","name":"logistic-science-pack"},"count":19200},{"signal":{"type":"item","name":"military-science-pack"},"count":19200},{"signal":{"type":"item","name":"chemical-science-pack"},"count":19200},{"signal":{"type":"item","name":"production-science-pack"},"count":19200},{"signal":{"type":"item","name":"utility-science-pack"},"count":19200},{"signal":{"type":"item","name":"space-science-pack"},"count":238384},{"signal":{"type":"item","name":"pistol"},"count":1},{"signal":{"type":"item","name":"firearm-magazine"},"count":201},{"signal":{"type":"item","name":"piercing-rounds-magazine"},"count":200},{"signal":{"type":"item","name":"uranium-rounds-magazine"},"count":239},{"signal":{"type":"item","name":"explosive-cannon-shell"},"count":100},{"signal":{"type":"item","name":"artillery-shell"},"count":1776},{"signal":{"type":"item","name":"grenade"},"count":1935},{"signal":{"type":"item","name":"energy-shield-mk2-equipment"},"count":2},{"signal":{"type":"item","name":"battery-equipment"},"count":9},{"signal":{"type":"item","name":"personal-roboport-equipment"},"count":5},{"signal":{"type":"item","name":"personal-roboport-mk2-equipment"},"count":9},{"signal":{"type":"item","name":"stone-wall"},"count":53878},{"signal":{"type":"item","name":"gate"},"count":3997},{"signal":{"type":"item","name":"gun-turret"},"count":769},{"signal":{"type":"item","name":"laser-turret"},"count":22003},{"signal":{"type":"item","name":"flamethrower-turret"},"count":2554},{"signal":{"type":"item","name":"artillery-turret"},"count":366},{"signal":{"type":"item","name":"radar"},"count":50},{"signal":{"type":"item","name":"rocket-silo"},"count":1}]},"15030954":{"42":[{"signal":{"type":"virtual","name":"signal-X"},"count":4}]}}
get_transmitter_combinator:{"noop":true}
get_transmitter_combinator:{"15007641":{"3":[{"signal":{"type":"item","name":"uranium-ore"},"count":4787},{"signal":{"type":"item","name":"uranium-238"},"count":21586}]}}
get_transmitter_combinator:{"noop":true}
get_transmitter_combinator:{"15007641":{"3":[{"signal":{"type":"item","name":"uranium-ore"},"count":4800},{"signal":{"type":"item","name":"empty-barrel"},"count":1925}]}}
get_transmitter_combinator:{"noop":true}
get_transmitter_combinator:{"15007641":{"3":[{"signal":{"type":"item","name":"uranium-ore"},"count":4776},{"signal":{"type":"item","name":"empty-barrel"},"count":1928},{"signal":{"type":"item","name":"uranium-238"},"count":21588}]}}
get_transmitter_combinator:{"noop":true}
get_transmitter_combinator:{"15007641":{"3":[{"signal":{"type":"item","name":"uranium-ore"},"count":4784},{"signal":{"type":"item","name":"empty-barrel"},"count":1931}]}}
get_transmitter_combinator:{"15007641":{"3":[{"signal":{"type":"item","name":"uranium-ore"},"count":4796},{"signal":{"type":"item","name":"uranium-238"},"count":21594}]}}
get_transmitter_combinator:{"noop":true}
get_transmitter_combinator:{"15007641":{"3":[{"signal":{"type":"item","name":"uranium-ore"},"count":4788},{"signal":{"type":"item","name":"empty-barrel"},"count":1934}]}}
get_transmitter_combinator:{"noop":true}
get_transmitter_combinator:{"15007641":{"3":[{"signal":{"type":"item","name":"uranium-ore"},"count":4784},{"signal":{"type":"item","name":"uranium-238"},"count":21596}]}}
get_transmitter_combinator:{"noop":true}
get_transmitter_combinator:{"noop":true}
get_transmitter_combinator:{"15007641":{"3":[{"signal":{"type":"item","name":"used-up-uranium-fuel-cell"},"count":40221}]}}
get_transmitter_combinator:{"noop":true}
get_transmitter_combinator:{"15007641":{"3":[{"signal":{"type":"item","name":"uranium-ore"},"count":4800}]}}
get_transmitter_combinator:{"15007641":{"3":[{"signal":{"type":"item","name":"uranium-ore"},"count":4776},{"signal":{"type":"item","name":"empty-barrel"},"count":1940},{"signal":{"type":"item","name":"uranium-238"},"count":21598}]}}
get_transmitter_combinator:{"15007641":{"3":[{"signal":{"type":"item","name":"uranium-ore"},"count":4788},{"signal":{"type":"item","name":"empty-barrel"},"count":1942},{"signal":{"type":"item","name":"uranium-238"},"count":21601}]},"15030954":{"42":[{"signal":{"type":"virtual","name":"signal-X"},"count":1}]}}
get_transmitter_combinator:{"noop":true}
get_transmitter_combinator:{"noop":true}
get_transmitter_combinator:{"noop":true}
get_transmitter_combinator:{"15007641":{"3":[{"signal":{"type":"item","name":"uranium-ore"},"count":4796},{"signal":{"type":"item","name":"empty-barrel"},"count":1946},{"signal":{"type":"item","name":"uranium-238"},"count":21603}]}}
get_transmitter_combinator:{"noop":true}
get_transmitter_combinator:{"15007641":{"3":[{"signal":{"type":"item","name":"uranium-ore"},"count":4800},{"signal":{"type":"item","name":"empty-barrel"},"count":1948},{"signal":{"type":"item","name":"uranium-238"},"count":21604},{"signal":{"type":"item","name":"used-up-uranium-fuel-cell"},"count":40209}]}}
get_transmitter_combinator:{"noop":true}
get_transmitter_combinator:{"15007641":{"3":[{"signal":{"type":"item","name":"empty-barrel"},"count":1950},{"signal":{"type":"item","name":"uranium-238"},"count":21605}]}}
get_transmitter_combinator:{"noop":true}
get_transmitter_combinator:{"noop":true}
get_transmitter_combinator:{"15007641":{"3":[{"signal":{"type":"item","name":"uranium-ore"},"count":4776},{"signal":{"type":"item","name":"uranium-238"},"count":21607}]}}
get_transmitter_combinator:{"noop":true}
get_transmitter_combinator:{"noop":true}
get_transmitter_combinator:{"noop":true}
get_transmitter_combinator:{"noop":true}
get_transmitter_combinator:{"15007641":{"3":[{"signal":{"type":"item","name":"uranium-ore"},"count":4800},{"signal":{"type":"item","name":"uranium-238"},"count":21610}]}}
get_transmitter_combinator:{"noop":true}
get_transmitter_combinator:{"15007641":{"3":[{"signal":{"type":"item","name":"uranium-ore"},"count":4788},{"signal":{"type":"item","name":"empty-barrel"},"count":1953},{"signal":{"type":"item","name":"uranium-238"},"count":21611}]}}
get_transmitter_combinator:{"15007641":{"3":[{"signal":{"type":"item","name":"uranium-238"},"count":21612}]}}
get_transmitter_combinator:{"noop":true}
get_transmitter_combinator:{"15007641":{"3":[{"signal":{"type":"item","name":"uranium-ore"},"count":4800},{"signal":{"type":"item","name":"empty-barrel"},"count":1955},{"signal":{"type":"item","name":"artillery-shell"},"count":1775}]}}
get_transmitter_combinator:{"noop":true}
get_transmitter_combinator:{"noop":true}
get_transmitter_combinator:{"15007641":{"3":[{"signal":{"type":"item","name":"explosives"},"count":9588},{"signal":{"type":"item","name":"used-up-uranium-fuel-cell"},"count":40179},{"signal":{"type":"item","name":"artillery-shell"},"count":1776}]}}
get_transmitter_combinator:{"noop":true}
get_transmitter_combinator:{"15007641":{"3":[{"signal":{"type":"item","name":"uranium-ore"},"count":4776},{"signal":{"type":"item","name":"empty-barrel"},"count":1956},{"signal":{"type":"item","name":"uranium-238"},"count":21614}]}}
get_transmitter_combinator:{"noop":true}
get_transmitter_combinator:{"15007641":{"3":[{"signal":{"type":"item","name":"uranium-ore"},"count":4788},{"signal":{"type":"item","name":"empty-barrel"},"count":1953}]}}
get_transmitter_combinator:{"15007641":{"3":[{"signal":{"type":"item","name":"uranium-ore"},"count":4800},{"signal":{"type":"item","name":"explosives"},"count":9592}]}}
get_transmitter_combinator:{"noop":true}
get_transmitter_combinator:{"noop":true}
get_transmitter_combinator:{"15007641":{"3":[{"signal":{"type":"item","name":"uranium-ore"},"count":4776},{"signal":{"type":"item","name":"explosives"},"count":9600},{"signal":{"type":"item","name":"uranium-238"},"count":21615}]}}
get_transmitter_combinator:{"noop":true}
get_transmitter_combinator:{"15007641":{"3":[{"signal":{"type":"item","name":"uranium-ore"},"count":4788},{"signal":{"type":"item","name":"used-up-uranium-fuel-cell"},"count":40164}]}}
get_transmitter_combinator:{"noop":true}
get_transmitter_combinator:{"15007641":{"3":[{"signal":{"type":"item","name":"uranium-ore"},"count":4796},{"signal":{"type":"item","name":"uranium-238"},"count":21617},{"signal":{"type":"item","name":"used-up-uranium-fuel-cell"},"count":40165}]}}
get_transmitter_combinator:{"15007641":{"3":[{"signal":{"type":"item","name":"uranium-ore"},"count":4776},{"signal":{"type":"item","name":"uranium-238"},"count":21620}]},"15030954":{"42":[{"signal":{"type":"virtual","name":"signal-X"},"count":0}]}}
get_transmitter_combinator:{"noop":true}
get_transmitter_combinator:{"15007641":{"3":[{"signal":{"type":"item","name":"uranium-ore"},"count":4783}]}}
get_transmitter_combinator:{"noop":true}
get_transmitter_combinator:{"15007641":{"3":[{"signal":{"type":"item","name":"uranium-ore"},"count":4800}]}}
get_transmitter_combinator:{"noop":true}
get_transmitter_combinator:{"noop":true}
get_transmitter_combinator:{"15007641":{"3":[{"signal":{"type":"item","name":"empty-barrel"},"count":1956},{"signal":{"type":"item","name":"uranium-238"},"count":21624}]}}
get_transmitter_combinator:{"15007641":{"3":[{"signal":{"type":"item","name":"uranium-238"},"count":21625}]}}
get_transmitter_combinator:{"noop":true}
get_transmitter_combinator:{"noop":true}
get_transmitter_combinator:{"noop":true}
get_transmitter_combinator:{"noop":true}
get_transmitter_combinator:{"15007641":{"3":[{"signal":{"type":"item","name":"empty-barrel"},"count":1957}]}}
get_transmitter_combinator:{"noop":true}
get_transmitter_combinator:{"15007641":{"3":[{"signal":{"type":"item","name":"uranium-ore"},"count":4776},{"signal":{"type":"item","name":"uranium-238"},"count":21627}]}}
get_transmitter_combinator:{"noop":true}
get_transmitter_combinator:{"15007641":{"3":[{"signal":{"type":"item","name":"uranium-ore"},"count":4800},{"signal":{"type":"item","name":"empty-barrel"},"count":1954}]}}
get_transmitter_combinator:{"15007641":{"3":[{"signal":{"type":"item","name":"used-up-uranium-fuel-cell"},"count":40135}]}}
get_transmitter_combinator:{"noop":true}
get_transmitter_combinator:{"noop":true}
get_transmitter_combinator:{"15007641":{"3":[{"signal":{"type":"item","name":"uranium-ore"},"count":4776},{"signal":{"type":"item","name":"uranium-238"},"count":21628}]}}
get_transmitter_combinator:{"15007641":{"3":[{"signal":{"type":"item","name":"uranium-ore"},"count":4783},{"signal":{"type":"item","name":"used-up-uranium-fuel-cell"},"count":40120}]}}
get_transmitter_combinator:{"noop":true}
get_transmitter_combinator:{"noop":true}
get_transmitter_combinator:{"15007641":{"3":[{"signal":{"type":"item","name":"uranium-ore"},"count":4800},{"signal":{"type":"item","name":"uranium-238"},"count":21629}]}}
get_transmitter_combinator:{"15007641":{"3":[{"signal":{"type":"item","name":"uranium-ore"},"count":4776},{"signal":{"type":"item","name":"uranium-238"},"count":21631}]}}
get_transmitter_combinator:{"noop":true}
get_transmitter_combinator:{"15007641":{"3":[{"signal":{"type":"item","name":"uranium-ore"},"count":4784}]}}
get_transmitter_combinator:{"noop":true}
get_transmitter_combinator:{"15007641":{"3":[{"signal":{"type":"item","name":"uranium-ore"},"count":4796},{"signal":{"type":"item","name":"uranium-238"},"count":21634},{"signal":{"type":"item","name":"artillery-shell"},"count":1775}]}}
get_transmitter_combinator:{"noop":true}
get_transmitter_combinator:{"noop":true}
get_transmitter_combinator:{"15007641":{"3":[{"signal":{"type":"item","name":"uranium-ore"},"count":4772},{"signal":{"type":"item","name":"uranium-238"},"count":21637},{"signal":{"type":"item","name":"used-up-uranium-fuel-cell"},"count":40123},{"signal":{"type":"item","name":"artillery-shell"},"count":1776}]}}
get_transmitter_combinator:{"15007641":{"3":[{"signal":{"type":"item","name":"uranium-ore"},"count":4783},{"signal":{"type":"item","name":"empty-barrel"},"count":1957},{"signal":{"type":"item","name":"uranium-238"},"count":21638},{"signal":{"type":"item","name":"used-up-uranium-fuel-cell"},"count":40126}]}}
get_transmitter_combinator:{"noop":true}
get_transmitter_combinator:{"15007641":{"3":[{"signal":{"type":"item","name":"uranium-ore"},"count":4800},{"signal":{"type":"item","name":"used-up-uranium-fuel-cell"},"count":40135}]}}
get_transmitter_combinator:{"noop":true}
get_transmitter_combinator:{"noop":true}
get_transmitter_combinator:{"15007641":{"3":[{"signal":{"type":"item","name":"uranium-ore"},"count":4796},{"signal":{"type":"item","name":"empty-barrel"},"count":1958}]}}
get_transmitter_combinator:{"15007641":{"3":[{"signal":{"type":"item","name":"uranium-ore"},"count":4776},{"signal":{"type":"item","name":"uranium-238"},"count":21639}]}}
get_transmitter_combinator:{"noop":true}
get_transmitter_combinator:{"noop":true}
get_transmitter_combinator:{"15007641":{"3":[{"signal":{"type":"item","name":"uranium-ore"},"count":4800},{"signal":{"type":"item","name":"crude-oil-barrel"},"count":470},{"signal":{"type":"item","name":"empty-barrel"},"count":1955}]}}
get_transmitter_combinator:{"noop":true}
get_transmitter_combinator:{"15007641":{"3":[{"signal":{"type":"item","name":"crude-oil-barrel"},"count":472}]}}
get_transmitter_combinator:{"noop":true}
get_transmitter_combinator:{"noop":true}
get_transmitter_combinator:{"noop":true}
get_transmitter_combinator:{"15007641":{"3":[{"signal":{"type":"item","name":"uranium-238"},"count":21638},{"signal":{"type":"item","name":"used-up-uranium-fuel-cell"},"count":40123}]}}
get_transmitter_combinator:{"noop":true}
get_transmitter_combinator:{"15007641":{"3":[{"signal":{"type":"item","name":"uranium-238"},"count":21639},{"signal":{"type":"item","name":"used-up-uranium-fuel-cell"},"count":40126}]}}
get_transmitter_combinator:{"noop":true}
get_transmitter_combinator:{"15007641":{"3":[{"signal":{"type":"item","name":"crude-oil-barrel"},"count":480}]}}
get_transmitter_combinator:{"noop":true}
get_transmitter_combinator:{"15007641":{"3":[{"signal":{"type":"item","name":"empty-barrel"},"count":1943}]}}
get_transmitter_combinator:{"15007641":{"3":[{"signal":{"type":"item","name":"used-up-uranium-fuel-cell"},"count":40129}]}}
get_transmitter_combinator:{"noop":true}
get_transmitter_combinator:{"noop":true}
get_transmitter_combinator:{"noop":true}
get_transmitter_combinator:{"noop":true}
get_transmitter_combinator:{"15007641":{"3":[{"signal":{"type":"item","name":"uranium-238"},"count":21642}]}}
get_transmitter_combinator:{"noop":true}
get_transmitter_combinator:{"15007641":{"3":[{"signal":{"type":"item","name":"empty-barrel"},"count":1946},{"signal":{"type":"item","name":"used-up-uranium-fuel-cell"},"count":40135}]}}
get_transmitter_combinator:{"noop":true}
get_transmitter_combinator:{"15007641":{"3":[{"signal":{"type":"item","name":"empty-barrel"},"count":1947}]}}
get_transmitter_combinator:{"noop":true}
get_transmitter_combinator:{"15007641":{"3":[{"signal":{"type":"item","name":"used-up-uranium-fuel-cell"},"count":40138}]}}
get_transmitter_combinator:{"15007641":{"3":[{"signal":{"type":"item","name":"empty-barrel"},"count":1944}]}}
get_transmitter_combinator:{"noop":true}
get_transmitter_combinator:{"noop":true}
get_transmitter_combinator:{"15007641":{"3":[{"signal":{"type":"item","name":"empty-barrel"},"count":1947}]}}
get_transmitter_combinator:{"noop":true}
get_transmitter_combinator:{"noop":true}
get_transmitter_combinator:{"15007641":{"3":[{"signal":{"type":"item","name":"uranium-238"},"count":21641}]}}
get_transmitter_combinator:{"noop":true}
get_transmitter_combinator:{"15007641":{"3":[{"signal":{"type":"item","name":"artillery-shell"},"count":1775}]}}
get_transmitter_combinator:{"noop":true}
get_transmitter_combinator:{"15007641":{"3":[{"signal":{"type":"item","name":"explosives"},"count":9588},{"signal":{"type":"item","name":"uranium-238"},"count":21642},{"signal":{"type":"item","name":"artillery-shell"},"count":1776}]}}
get_transmitter_combinator:{"noop":true}
get_transmitter_combinator:{"noop":true}
get_transmitter_combinator:{"noop":true}
get_transmitter_combinator:{"noop":true}
get_transmitter_combinator:{"noop":true}
get_transmitter_combinator:{"noop":true}
get_transmitter_combinator:{"15007641":{"3":[{"signal":{"type":"item","name":"explosives"},"count":9596}]}}
get_transmitter_combinator:{"noop":true}
get_transmitter_combinator:{"15007641":{"3":[{"signal":{"type":"item","name":"coal"},"count":2388},{"signal":{"type":"item","name":"uranium-238"},"count":21645}]}}
get_transmitter_combinator:{"15007641":{"3":[{"signal":{"type":"item","name":"sulfur"},"count":9588},{"signal":{"type":"item","name":"explosives"},"count":9600}]}}
get_transmitter_combinator:{"noop":true}
get_transmitter_combinator:{"15007641":{"3":[{"signal":{"type":"item","name":"empty-barrel"},"count":1948}]}}
get_transmitter_combinator:{"noop":true}
get_transmitter_combinator:{"noop":true}
get_transmitter_combinator:{"15007641":{"3":[{"signal":{"type":"item","name":"sulfur"},"count":9592},{"signal":{"type":"item","name":"empty-barrel"},"count":1950}]}}
get_transmitter_combinator:{"15007641":{"3":[{"signal":{"type":"item","name":"empty-barrel"},"count":1947}]}}
get_transmitter_combinator:{"noop":true}
get_transmitter_combinator:{"noop":true}
get_transmitter_combinator:{"15007641":{"3":[{"signal":{"type":"item","name":"coal"},"count":2396},{"signal":{"type":"item","name":"empty-barrel"},"count":1944},{"signal":{"type":"item","name":"used-up-uranium-fuel-cell"},"count":40135}]}}
get_transmitter_combinator:{"noop":true}
get_transmitter_combinator:{"15007641":{"3":[{"signal":{"type":"item","name":"coal"},"count":2400},{"signal":{"type":"item","name":"empty-barrel"},"count":1945}]}}
get_transmitter_combinator:{"15007641":{"3":[{"signal":{"type":"item","name":"uranium-238"},"count":21648},{"signal":{"type":"item","name":"used-up-uranium-fuel-cell"},"count":40120}]}}
get_transmitter_combinator:{"noop":true}
get_transmitter_combinator:{"noop":true}
get_transmitter_combinator:{"15007641":{"3":[{"signal":{"type":"item","name":"uranium-238"},"count":21644},{"signal":{"type":"item","name":"used-up-uranium-fuel-cell"},"count":40117}]}}
get_transmitter_combinator:{"noop":true}
get_transmitter_combinator:{"15007641":{"3":[{"signal":{"type":"item","name":"sulfur"},"count":9600},{"signal":{"type":"item","name":"uranium-238"},"count":21645}]}}
get_transmitter_combinator:{"noop":true}
get_transmitter_combinator:{"noop":true}
get_transmitter_combinator:{"noop":true}
get_transmitter_combinator:{"15007641":{"3":[{"signal":{"type":"item","name":"used-up-uranium-fuel-cell"},"count":40135}]}}
get_transmitter_combinator:{"noop":true}
get_transmitter_combinator:{"15007641":{"3":[{"signal":{"type":"item","name":"uranium-238"},"count":21648},{"signal":{"type":"item","name":"used-up-uranium-fuel-cell"},"count":40144}]}}
get_transmitter_combinator:{"noop":true}
get_transmitter_combinator:{"15007641":{"3":[{"signal":{"type":"item","name":"empty-barrel"},"count":1948},{"signal":{"type":"item","name":"used-up-uranium-fuel-cell"},"count":40147}]}}
get_transmitter_combinator:{"noop":true}
get_transmitter_combinator:{"15007641":{"3":[{"signal":{"type":"item","name":"empty-barrel"},"count":1951},{"signal":{"type":"item","name":"used-up-uranium-fuel-cell"},"count":40150}]}}
get_transmitter_combinator:{"15007641":{"3":[{"signal":{"type":"item","name":"used-up-uranium-fuel-cell"},"count":40153}]}}
get_transmitter_combinator:{"noop":true}
get_transmitter_combinator:{"15007641":{"3":[{"signal":{"type":"item","name":"empty-barrel"},"count":1948}]}}
get_transmitter_combinator:{"noop":true}
get_transmitter_combinator:{"noop":true}
get_transmitter_combinator:{"15007641":{"3":[{"signal":{"type":"item","name":"empty-barrel"},"count":1945},{"signal":{"type":"item","name":"used-up-uranium-fuel-cell"},"count":40166}]}}
get_transmitter_combinator:{"noop":true}
get_transmitter_combinator:{"15007641":{"3":[{"signal":{"type":"item","name":"used-up-uranium-fuel-cell"},"count":40169},{"signal":{"type":"item","name":"artillery-shell"},"count":1775}]}}
get_transmitter_combinator:{"15007641":{"3":[{"signal":{"type":"item","name":"explosives"},"count":9588},{"signal":{"type":"item","name":"used-up-uranium-fuel-cell"},"count":40170}]}}
get_transmitter_combinator:{"noop":true}
get_transmitter_combinator:{"noop":true}
get_transmitter_combinator:{"15007641":{"3":[{"signal":{"type":"item","name":"empty-barrel"},"count":1948},{"signal":{"type":"item","name":"used-up-uranium-fuel-cell"},"count":40171},{"signal":{"type":"item","name":"explosive-cannon-shell"},"count":96}]}}
get_transmitter_combinator:{"15007641":{"3":[{"signal":{"type":"item","name":"iron-plate"},"count":10764},{"signal":{"type":"item","name":"plastic-bar"},"count":4764},{"signal":{"type":"item","name":"uranium-238"},"count":21647},{"signal":{"type":"item","name":"explosive-cannon-shell"},"count":105},{"signal":{"type":"item","name":"artillery-shell"},"count":1776},{"signal":{"type":"item","name":"radar"},"count":40}]}}
get_transmitter_combinator:{"noop":true}
get_transmitter_combinator:{"noop":true}
get_transmitter_combinator:{"15007641":{"3":[{"signal":{"type":"item","name":"iron-plate"},"count":10740},{"signal":{"type":"item","name":"explosives"},"count":9592},{"signal":{"type":"item","name":"iron-gear-wheel"},"count":998},{"signal":{"type":"item","name":"uranium-238"},"count":21648},{"signal":{"type":"item","name":"used-up-uranium-fuel-cell"},"count":40172}]}}
get_transmitter_combinator:{"noop":true}
get_transmitter_combinator:{"15007641":{"3":[{"signal":{"type":"item","name":"iron-plate"},"count":10680},{"signal":{"type":"item","name":"iron-gear-wheel"},"count":1008},{"signal":{"type":"item","name":"electronic-circuit"},"count":17579},{"signal":{"type":"item","name":"used-up-uranium-fuel-cell"},"count":40181},{"signal":{"type":"item","name":"radar"},"count":41}]}}
get_transmitter_combinator:{"noop":true}
get_transmitter_combinator:{"15007641":{"3":[{"signal":{"type":"item","name":"iron-plate"},"count":10628},{"signal":{"type":"item","name":"iron-gear-wheel"},"count":1024},{"signal":{"type":"item","name":"electronic-circuit"},"count":17552},{"signal":{"type":"item","name":"used-up-uranium-fuel-cell"},"count":40190},{"signal":{"type":"item","name":"radar"},"count":43}]}}
get_transmitter_combinator:{"15007641":{"3":[{"signal":{"type":"item","name":"iron-plate"},"count":10600},{"signal":{"type":"item","name":"iron-gear-wheel"},"count":1012},{"signal":{"type":"item","name":"empty-barrel"},"count":1952},{"signal":{"type":"item","name":"used-up-uranium-fuel-cell"},"count":40205},{"signal":{"type":"item","name":"radar"},"count":45}]}}
get_transmitter_combinator:{"noop":true}
get_transmitter_combinator:{"noop":true}
get_transmitter_combinator:{"15007641":{"3":[{"signal":{"type":"item","name":"iron-plate"},"count":10592},{"signal":{"type":"item","name":"plastic-bar"},"count":4765},{"signal":{"type":"item","name":"explosives"},"count":9600},{"signal":{"type":"item","name":"iron-gear-wheel"},"count":1000},{"signal":{"type":"item","name":"electronic-circuit"},"count":17540},{"signal":{"type":"item","name":"used-up-uranium-fuel-cell"},"count":40211}]}}
get_transmitter_combinator:{"noop":true}
get_transmitter_combinator:{"15007641":{"3":[{"signal":{"type":"item","name":"iron-plate"},"count":10548},{"signal":{"type":"item","name":"plastic-bar"},"count":4800},{"signal":{"type":"item","name":"empty-barrel"},"count":1949},{"signal":{"type":"item","name":"electronic-circuit"},"count":17528},{"signal":{"type":"item","name":"uranium-238"},"count":21651},{"signal":{"type":"item","name":"used-up-uranium-fuel-cell"},"count":40217},{"signal":{"type":"item","name":"radar"},"count":47}]}}
get_transmitter_combinator:{"noop":true}
get_transmitter_combinator:{"15007641":{"3":[{"signal":{"type":"item","name":"iron-plate"},"count":10524},{"signal":{"type":"item","name":"iron-gear-wheel"},"count":988},{"signal":{"type":"item","name":"empty-barrel"},"count":1950},{"signal":{"type":"item","name":"used-up-uranium-fuel-cell"},"count":40220},{"signal":{"type":"item","name":"radar"},"count":49}]}}
get_transmitter_combinator:{"noop":true}
get_transmitter_combinator:{"15007641":{"3":[{"signal":{"type":"item","name":"iron-plate"},"count":10467},{"signal":{"type":"item","name":"petroleum-gas-barrel"},"count":949},{"signal":{"type":"item","name":"iron-gear-wheel"},"count":985},{"signal":{"type":"item","name":"empty-barrel"},"count":1951},{"signal":{"type":"item","name":"electronic-circuit"},"count":17519},{"signal":{"type":"item","name":"used-up-uranium-fuel-cell"},"count":40217},{"signal":{"type":"item","name":"radar"},"count":50}]}}
get_transmitter_combinator:{"15007641":{"3":[{"signal":{"type":"item","name":"iron-plate"},"count":10403},{"signal":{"type":"item","name":"petroleum-gas-barrel"},"count":948},{"signal":{"type":"item","name":"iron-gear-wheel"},"count":1001},{"signal":{"type":"item","name":"used-up-uranium-fuel-cell"},"count":40218}]}}
get_transmitter_combinator:{"noop":true}
get_transmitter_combinator:{"noop":true}
get_transmitter_combinator:{"15007641":{"3":[{"signal":{"type":"item","name":"iron-plate"},"count":10395},{"signal":{"type":"item","name":"iron-gear-wheel"},"count":1029},{"signal":{"type":"item","name":"empty-barrel"},"count":1949},{"signal":{"type":"item","name":"electronic-circuit"},"count":17531},{"signal":{"type":"item","name":"used-up-uranium-fuel-cell"},"count":40213}]}}
get_transmitter_combinator:{"15007641":{"3":[{"signal":{"type":"item","name":"iron-plate"},"count":10407},{"signal":{"type":"item","name":"empty-barrel"},"count":1951}]}}
get_transmitter_combinator:{"noop":true}
get_transmitter_combinator:{"noop":true}
get_transmitter_combinator:{"15007641":{"3":[{"signal":{"type":"item","name":"iron-plate"},"count":10419},{"signal":{"type":"item","name":"empty-barrel"},"count":1948},{"signal":{"type":"item","name":"electronic-circuit"},"count":17547},{"signal":{"type":"item","name":"used-up-uranium-fuel-cell"},"count":40211}]}}
get_transmitter_combinator:{"15007641":{"3":[{"signal":{"type":"item","name":"iron-plate"},"count":10431},{"signal":{"type":"item","name":"electronic-circuit"},"count":17567},{"signal":{"type":"item","name":"uranium-238"},"count":21650},{"signal":{"type":"item","name":"used-up-uranium-fuel-cell"},"count":40203}]}}
get_transmitter_combinator:{"noop":true}
get_transmitter_combinator:{"noop":true}
get_transmitter_combinator:{"15007641":{"3":[{"signal":{"type":"item","name":"iron-plate"},"count":10443},{"signal":{"type":"item","name":"petroleum-gas-barrel"},"count":956},{"signal":{"type":"item","name":"used-up-uranium-fuel-cell"},"count":40204}]}}
get_transmitter_combinator:{"15007641":{"3":[{"signal":{"type":"item","name":"iron-plate"},"count":10467},{"signal":{"type":"item","name":"uranium-238"},"count":21651},{"signal":{"type":"item","name":"used-up-uranium-fuel-cell"},"count":40201}]}}
get_transmitter_combinator:{"noop":true}
get_transmitter_combinator:{"noop":true}
get_transmitter_combinator:{"15007641":{"3":[{"signal":{"type":"item","name":"iron-plate"},"count":10479},{"signal":{"type":"item","name":"empty-barrel"},"count":1951},{"signal":{"type":"item","name":"electronic-circuit"},"count":17579}]}}
get_transmitter_combinator:{"15007641":{"3":[{"signal":{"type":"item","name":"iron-plate"},"count":10491},{"signal":{"type":"item","name":"empty-barrel"},"count":1954},{"signal":{"type":"item","name":"electronic-circuit"},"count":17591},{"signal":{"type":"item","name":"used-up-uranium-fuel-cell"},"count":40204}]}}
get_transmitter_combinator:{"noop":true}
get_transmitter_combinator:{"noop":true}
get_transmitter_combinator:{"15007641":{"3":[{"signal":{"type":"item","name":"iron-plate"},"count":10503},{"signal":{"type":"item","name":"empty-barrel"},"count":1955},{"signal":{"type":"item","name":"used-up-uranium-fuel-cell"},"count":40201}]}}
get_transmitter_combinator:{"noop":true}
get_transmitter_combinator:{"15007641":{"3":[{"signal":{"type":"item","name":"iron-plate"},"count":10535},{"signal":{"type":"item","name":"electronic-circuit"},"count":17599},{"signal":{"type":"item","name":"uranium-238"},"count":21654},{"signal":{"type":"item","name":"used-up-uranium-fuel-cell"},"count":40207}]}}
get_transmitter_combinator:{"noop":true}
get_transmitter_combinator:{"15007641":{"3":[{"signal":{"type":"item","name":"iron-plate"},"count":10575},{"signal":{"type":"item","name":"petroleum-gas-barrel"},"count":957},{"signal":{"type":"item","name":"empty-barrel"},"count":1956},{"signal":{"type":"item","name":"electronic-circuit"},"count":17600}]}}
get_transmitter_combinator:{"15007641":{"3":[{"signal":{"type":"item","name":"iron-plate"},"count":10603},{"signal":{"type":"item","name":"petroleum-gas-barrel"},"count":960},{"signal":{"type":"item","name":"empty-barrel"},"count":1944},{"signal":{"type":"item","name":"used-up-uranium-fuel-cell"},"count":40210},{"signal":{"type":"item","name":"artillery-shell"},"count":1775}]}}
get_transmitter_combinator:{"noop":true}
get_transmitter_combinator:{"15007641":{"3":[{"signal":{"type":"item","name":"iron-plate"},"count":10635},{"signal":{"type":"item","name":"explosives"},"count":9588},{"signal":{"type":"item","name":"empty-barrel"},"count":1941},{"signal":{"type":"item","name":"used-up-uranium-fuel-cell"},"count":40207}]}}
get_transmitter_combinator:{"noop":true}
get_transmitter_combinator:{"noop":true}
get_transmitter_combinator:{"15007641":{"3":[{"signal":{"type":"item","name":"iron-plate"},"count":10659},{"signal":{"type":"item","name":"electronic-circuit"},"count":17603},{"signal":{"type":"item","name":"used-up-uranium-fuel-cell"},"count":40210},{"signal":{"type":"item","name":"artillery-shell"},"count":1776}]}}
get_transmitter_combinator:{"noop":true}
get_transmitter_combinator:{"15007641":{"3":[{"signal":{"type":"item","name":"iron-plate"},"count":10679},{"signal":{"type":"item","name":"used-up-uranium-fuel-cell"},"count":40214}]}}
get_transmitter_combinator:{"15007641":{"3":[{"signal":{"type":"item","name":"iron-plate"},"count":10704},{"signal":{"type":"item","name":"used-up-uranium-fuel-cell"},"count":40211}]}}
get_transmitter_combinator:{"noop":true}
get_transmitter_combinator:{"15007641":{"3":[{"signal":{"type":"item","name":"iron-plate"},"count":10728},{"signal":{"type":"item","name":"empty-barrel"},"count":1945},{"signal":{"type":"item","name":"uranium-238"},"count":21657},{"signal":{"type":"item","name":"used-up-uranium-fuel-cell"},"count":40212}]}}
get_transmitter_combinator:{"noop":true}
get_transmitter_combinator:{"15007641":{"3":[{"signal":{"type":"item","name":"iron-plate"},"count":10744},{"signal":{"type":"item","name":"uranium-238"},"count":21653}]}}
get_transmitter_combinator:{"noop":true}
get_transmitter_combinator:{"noop":true}
get_transmitter_combinator:{"15007641":{"3":[{"signal":{"type":"item","name":"iron-plate"},"count":10780},{"signal":{"type":"item","name":"explosives"},"count":9596},{"signal":{"type":"item","name":"empty-barrel"},"count":1948},{"signal":{"type":"item","name":"uranium-238"},"count":21654},{"signal":{"type":"item","name":"used-up-uranium-fuel-cell"},"count":40209}]}}
get_transmitter_combinator:{"noop":true}
get_transmitter_combinator:{"15007641":{"3":[{"signal":{"type":"item","name":"iron-plate"},"count":10792},{"signal":{"type":"item","name":"explosives"},"count":9600},{"signal":{"type":"item","name":"used-up-uranium-fuel-cell"},"count":40207}]}}
get_transmitter_combinator:{"15007641":{"3":[{"signal":{"type":"item","name":"iron-plate"},"count":10800},{"signal":{"type":"item","name":"sulfur"},"count":9588},{"signal":{"type":"item","name":"empty-barrel"},"count":1953},{"signal":{"type":"item","name":"used-up-uranium-fuel-cell"},"count":40212}]}}
get_transmitter_combinator:{"noop":true}
get_transmitter_combinator:{"15007641":{"3":[{"signal":{"type":"item","name":"empty-barrel"},"count":1954},{"signal":{"type":"item","name":"uranium-238"},"count":21657}]}}
get_transmitter_combinator:{"noop":true}
get_transmitter_combinator:{"noop":true}
get_transmitter_combinator:{"15007641":{"3":[{"signal":{"type":"item","name":"used-up-uranium-fuel-cell"},"count":40209}]}}
get_transmitter_combinator:{"noop":true}
get_transmitter_combinator:{"noop":true}
get_transmitter_combinator:{"noop":true}
get_transmitter_combinator:{"noop":true}
get_transmitter_combinator:{"noop":true}
get_transmitter_combinator:{"15007641":{"3":[{"signal":{"type":"item","name":"sulfur"},"count":9596},{"signal":{"type":"item","name":"used-up-uranium-fuel-cell"},"count":40215}]}}
get_transmitter_combinator:{"noop":true}
get_transmitter_combinator:{"15007641":{"3":[{"signal":{"type":"item","name":"sulfur"},"count":9600},{"signal":{"type":"item","name":"empty-barrel"},"count":1951}]}}
get_transmitter_combinator:{"15007641":{"3":[{"signal":{"type":"item","name":"used-up-uranium-fuel-cell"},"count":40212}]}}
get_transmitter_combinator:{"noop":true}
get_transmitter_combinator:{"15007641":{"3":[{"signal":{"type":"item","name":"uranium-fuel-cell"},"count":2388},{"signal":{"type":"item","name":"used-up-uranium-fuel-cell"},"count":40204}]}}
get_transmitter_combinator:{"noop":true}
get_transmitter_combinator:{"noop":true}
get_transmitter_combinator:{"15007641":{"3":[{"signal":{"type":"item","name":"used-up-uranium-fuel-cell"},"count":40207}]}}
get_transmitter_combinator:{"15007641":{"3":[{"signal":{"type":"item","name":"uranium-238"},"count":21656},{"signal":{"type":"item","name":"uranium-fuel-cell"},"count":2400},{"signal":{"type":"item","name":"used-up-uranium-fuel-cell"},"count":40204}]}}
get_transmitter_combinator:{"noop":true}
get_transmitter_combinator:{"noop":true}
get_transmitter_combinator:{"15007641":{"3":[{"signal":{"type":"item","name":"used-up-uranium-fuel-cell"},"count":40201}]}}
get_transmitter_combinator:{"noop":true}
get_transmitter_combinator:{"15007641":{"3":[{"signal":{"type":"item","name":"uranium-238"},"count":21657},{"signal":{"type":"item","name":"used-up-uranium-fuel-cell"},"count":40202},{"signal":{"type":"item","name":"artillery-shell"},"count":1775}]}}
get_transmitter_combinator:{"noop":true}
get_transmitter_combinator:{"15007641":{"3":[{"signal":{"type":"item","name":"empty-barrel"},"count":1955},{"signal":{"type":"item","name":"used-up-uranium-fuel-cell"},"count":40198}]}}
get_transmitter_combinator:{"noop":true}
get_transmitter_combinator:{"15007641":{"3":[{"signal":{"type":"item","name":"explosives"},"count":9588},{"signal":{"type":"item","name":"empty-barrel"},"count":1952},{"signal":{"type":"item","name":"used-up-uranium-fuel-cell"},"count":40202},{"signal":{"type":"item","name":"artillery-shell"},"count":1776}]}}
get_transmitter_combinator:{"15007641":{"3":[{"signal":{"type":"item","name":"used-up-uranium-fuel-cell"},"count":40205}]}}
get_transmitter_combinator:{"noop":true}
get_transmitter_combinator:{"noop":true}
get_transmitter_combinator:{"15007641":{"3":[{"signal":{"type":"item","name":"explosives"},"count":9592},{"signal":{"type":"item","name":"petroleum-gas-barrel"},"count":963},{"signal":{"type":"item","name":"uranium-238"},"count":21660},{"signal":{"type":"item","name":"used-up-uranium-fuel-cell"},"count":40202}]}}
get_transmitter_combinator:{"noop":true}
get_transmitter_combinator:{"15007641":{"3":[{"signal":{"type":"item","name":"explosives"},"count":9600},{"signal":{"type":"item","name":"used-up-uranium-fuel-cell"},"count":40208}]}}
get_transmitter_combinator:{"15007641":{"3":[{"signal":{"type":"item","name":"used-up-uranium-fuel-cell"},"count":40215}]}}
get_transmitter_combinator:{"noop":true}
get_transmitter_combinator:{"15007641":{"3":[{"signal":{"type":"item","name":"used-up-uranium-fuel-cell"},"count":40221}]}}
get_transmitter_combinator:{"noop":true}
get_transmitter_combinator:{"noop":true}
get_transmitter_combinator:{"15007641":{"3":[{"signal":{"type":"item","name":"used-up-uranium-fuel-cell"},"count":40218}]}}
get_transmitter_combinator:{"noop":true}
get_transmitter_combinator:{"15007641":{"3":[{"signal":{"type":"item","name":"used-up-uranium-fuel-cell"},"count":40209}]}}
get_transmitter_combinator:{"15007641":{"3":[{"signal":{"type":"item","name":"empty-barrel"},"count":1954},{"signal":{"type":"item","name":"used-up-uranium-fuel-cell"},"count":40210}]}}
get_transmitter_combinator:{"noop":true}
get_transmitter_combinator:{"15007641":{"3":[{"signal":{"type":"item","name":"uranium-238"},"count":21659},{"signal":{"type":"item","name":"used-up-uranium-fuel-cell"},"count":40204}]}}
get_transmitter_combinator:{"noop":true}
get_transmitter_combinator:{"noop":true}
get_transmitter_combinator:{"15007641":{"3":[{"signal":{"type":"item","name":"used-up-uranium-fuel-cell"},"count":40207}]}}
get_transmitter_combinator:{"noop":true}
get_transmitter_combinator:{"15007641":{"3":[{"signal":{"type":"item","name":"empty-barrel"},"count":1957},{"signal":{"type":"item","name":"used-up-uranium-fuel-cell"},"count":40214}]}}
get_transmitter_combinator:{"noop":true}
get_transmitter_combinator:{"15007641":{"3":[{"signal":{"type":"item","name":"uranium-238"},"count":21660},{"signal":{"type":"item","name":"used-up-uranium-fuel-cell"},"count":40217}]}}
get_transmitter_combinator:{"15007641":{"3":[{"signal":{"type":"item","name":"used-up-uranium-fuel-cell"},"count":40214}]}}
get_transmitter_combinator:{"noop":true}
get_transmitter_combinator:{"noop":true}
get_transmitter_combinator:{"15007641":{"3":[{"signal":{"type":"item","name":"uranium-fuel-cell"},"count":2388},{"signal":{"type":"item","name":"used-up-uranium-fuel-cell"},"count":40208}]}}
get_transmitter_combinator:{"noop":true}
get_transmitter_combinator:{"15007641":{"3":[{"signal":{"type":"item","name":"uranium-238"},"count":21663},{"signal":{"type":"item","name":"used-up-uranium-fuel-cell"},"count":40206}]}}
get_transmitter_combinator:{"15007641":{"3":[{"signal":{"type":"item","name":"empty-barrel"},"count":1959},{"signal":{"type":"item","name":"uranium-fuel-cell"},"count":2400},{"signal":{"type":"item","name":"used-up-uranium-fuel-cell"},"count":40208}]}}
get_transmitter_combinator:{"noop":true}
get_transmitter_combinator:{"noop":true}
get_transmitter_combinator:{"15007641":{"3":[{"signal":{"type":"item","name":"uranium-fuel-cell"},"count":2388},{"signal":{"type":"item","name":"used-up-uranium-fuel-cell"},"count":40213}]}}
get_transmitter_combinator:{"noop":true}
get_transmitter_combinator:{"15007641":{"3":[{"signal":{"type":"item","name":"empty-barrel"},"count":1956},{"signal":{"type":"item","name":"used-up-uranium-fuel-cell"},"count":40218}]}}
get_transmitter_combinator:{"15007641":{"3":[{"signal":{"type":"item","name":"used-up-uranium-fuel-cell"},"count":40220}]}}
get_transmitter_combinator:{"noop":true}
get_transmitter_combinator:{"15007641":{"3":[{"signal":{"type":"item","name":"used-up-uranium-fuel-cell"},"count":40223}]}}
get_transmitter_combinator:{"noop":true}
get_transmitter_combinator:{"noop":true}
get_transmitter_combinator:{"15007641":{"3":[{"signal":{"type":"item","name":"uranium-238"},"count":21643},{"signal":{"type":"item","name":"uranium-fuel-cell"},"count":2400},{"signal":{"type":"item","name":"used-up-uranium-fuel-cell"},"count":40227}]}}
get_transmitter_combinator:{"noop":true}
get_transmitter_combinator:{"15007641":{"3":[{"signal":{"type":"item","name":"iron-plate"},"count":10776},{"signal":{"type":"item","name":"uranium-238"},"count":21634},{"signal":{"type":"item","name":"used-up-uranium-fuel-cell"},"count":40229}]}}
get_transmitter_combinator:{"15007641":{"3":[{"signal":{"type":"item","name":"iron-plate"},"count":10728},{"signal":{"type":"item","name":"uranium-238"},"count":21602},{"signal":{"type":"item","name":"used-up-uranium-fuel-cell"},"count":40236}]}}
get_transmitter_combinator:{"noop":true}
get_transmitter_combinator:{"15007641":{"3":[{"signal":{"type":"item","name":"uranium-238"},"count":21598},{"signal":{"type":"item","name":"used-up-uranium-fuel-cell"},"count":40244}]}}
get_transmitter_combinator:{"noop":true}
get_transmitter_combinator:{"15007641":{"3":[{"signal":{"type":"item","name":"uranium-238"},"count":21591},{"signal":{"type":"item","name":"used-up-uranium-fuel-cell"},"count":40247}]}}
get_transmitter_combinator:{"noop":true}
get_transmitter_combinator:{"noop":true}
get_transmitter_combinator:{"15007641":{"3":[{"signal":{"type":"item","name":"empty-barrel"},"count":1960},{"signal":{"type":"item","name":"used-up-uranium-fuel-cell"},"count":40251}]}}
get_transmitter_combinator:{"noop":true}
get_transmitter_combinator:{"15007641":{"3":[{"signal":{"type":"item","name":"uranium-fuel-cell"},"count":2388},{"signal":{"type":"item","name":"used-up-uranium-fuel-cell"},"count":40252}]}}
get_transmitter_combinator:{"noop":true}
get_transmitter_combinator:{"15007641":{"3":[{"signal":{"type":"item","name":"uranium-238"},"count":21594},{"signal":{"type":"item","name":"uranium-fuel-cell"},"count":2392}]}}
get_transmitter_combinator:{"noop":true}
get_transmitter_combinator:{"15007641":{"3":[{"signal":{"type":"item","name":"uranium-fuel-cell"},"count":2400},{"signal":{"type":"item","name":"used-up-uranium-fuel-cell"},"count":40258}]}}
get_transmitter_combinator:{"noop":true}
get_transmitter_combinator:{"15007641":{"3":[{"signal":{"type":"item","name":"iron-plate"},"count":10731},{"signal":{"type":"item","name":"used-up-uranium-fuel-cell"},"count":40259}]}}
get_transmitter_combinator:{"15007641":{"3":[{"signal":{"type":"item","name":"iron-plate"},"count":10743},{"signal":{"type":"item","name":"empty-barrel"},"count":1957},{"signal":{"type":"item","name":"used-up-uranium-fuel-cell"},"count":40260}]}}
get_transmitter_combinator:{"noop":true}
get_transmitter_combinator:{"15007641":{"3":[{"signal":{"type":"item","name":"iron-plate"},"count":10755},{"signal":{"type":"item","name":"used-up-uranium-fuel-cell"},"count":40261}]}}
get_transmitter_combinator:{"noop":true}
get_transmitter_combinator:{"15007641":{"3":[{"signal":{"type":"item","name":"iron-plate"},"count":10764}]}}
get_transmitter_combinator:{"noop":true}
get_transmitter_combinator:{"15007641":{"3":[{"signal":{"type":"item","name":"used-up-uranium-fuel-cell"},"count":40264}]}}
get_transmitter_combinator:{"noop":true}
get_transmitter_combinator:{"noop":true}
get_transmitter_combinator:{"15007641":{"3":[{"signal":{"type":"item","name":"used-up-uranium-fuel-cell"},"count":40267}]}}
get_transmitter_combinator:{"noop":true}
get_transmitter_combinator:{"15007641":{"3":[{"signal":{"type":"item","name":"uranium-238"},"count":21593},{"signal":{"type":"item","name":"used-up-uranium-fuel-cell"},"count":40256}]}}
get_transmitter_combinator:{"15007641":{"3":[{"signal":{"type":"item","name":"uranium-238"},"count":21594},{"signal":{"type":"item","name":"used-up-uranium-fuel-cell"},"count":40258}]}}
get_transmitter_combinator:{"noop":true}
get_transmitter_combinator:{"noop":true}
get_transmitter_combinator:{"noop":true}
get_transmitter_combinator:{"15007641":{"3":[{"signal":{"type":"item","name":"empty-barrel"},"count":1960}]}}
get_transmitter_combinator:{"noop":true}
get_transmitter_combinator:{"noop":true}
get_transmitter_combinator:{"15007641":{"3":[{"signal":{"type":"item","name":"iron-plate"},"count":10768}]}}
get_transmitter_combinator:{"15007641":{"3":[{"signal":{"type":"item","name":"iron-plate"},"count":10796}]}}
get_transmitter_combinator:{"noop":true}
get_transmitter_combinator:{"noop":true}
get_transmitter_combinator:{"15007641":{"3":[{"signal":{"type":"item","name":"empty-barrel"},"count":1961},{"signal":{"type":"item","name":"used-up-uranium-fuel-cell"},"count":40260}]}}
get_transmitter_combinator:{"noop":true}
get_transmitter_combinator:{"15007641":{"3":[{"signal":{"type":"item","name":"iron-plate"},"count":10800},{"signal":{"type":"item","name":"uranium-238"},"count":21597},{"signal":{"type":"item","name":"used-up-uranium-fuel-cell"},"count":40261}]}}
get_transmitter_combinator:{"noop":true}
get_transmitter_combinator:{"15007641":{"3":[{"signal":{"type":"item","name":"crude-oil-barrel"},"count":468},{"signal":{"type":"item","name":"used-up-uranium-fuel-cell"},"count":40262}]}}
get_transmitter_combinator:{"noop":true}
get_transmitter_combinator:{"15007641":{"3":[{"signal":{"type":"item","name":"empty-barrel"},"count":1958},{"signal":{"type":"item","name":"used-up-uranium-fuel-cell"},"count":40263}]}}
get_transmitter_combinator:{"15007641":{"3":[{"signal":{"type":"item","name":"artillery-shell"},"count":1775}]}}
get_transmitter_combinator:{"noop":true}
get_transmitter_combinator:{"noop":true}
get_transmitter_combinator:{"15007641":{"3":[{"signal":{"type":"item","name":"steel-plate"},"count":17564},{"signal":{"type":"item","name":"explosives"},"count":9576},{"signal":{"type":"item","name":"explosive-cannon-shell"},"count":93},{"signal":{"type":"item","name":"artillery-shell"},"count":1776}]}}
get_transmitter_combinator:{"15007641":{"3":[{"signal":{"type":"item","name":"steel-plate"},"count":17528},{"signal":{"type":"item","name":"explosives"},"count":9564},{"signal":{"type":"item","name":"crude-oil-barrel"},"count":472},{"signal":{"type":"item","name":"used-up-uranium-fuel-cell"},"count":40265},{"signal":{"type":"item","name":"explosive-cannon-shell"},"count":94}]}}
get_transmitter_combinator:{"noop":true}
get_transmitter_combinator:{"noop":true}
get_transmitter_combinator:{"15007641":{"3":[{"signal":{"type":"item","name":"crude-oil-barrel"},"count":480},{"signal":{"type":"item","name":"empty-barrel"},"count":1946},{"signal":{"type":"item","name":"uranium-238"},"count":21596},{"signal":{"type":"item","name":"used-up-uranium-fuel-cell"},"count":40267},{"signal":{"type":"item","name":"explosive-cannon-shell"},"count":99}]}}
get_transmitter_combinator:{"15007641":{"3":[{"signal":{"type":"item","name":"steel-plate"},"count":17532},{"signal":{"type":"item","name":"plastic-bar"},"count":4788},{"signal":{"type":"item","name":"uranium-238"},"count":21604},{"signal":{"type":"item","name":"used-up-uranium-fuel-cell"},"count":40250},{"signal":{"type":"item","name":"explosive-cannon-shell"},"count":100}]}}
get_transmitter_combinator:{"noop":true}
get_transmitter_combinator:{"15007641":{"3":[{"signal":{"type":"item","name":"steel-plate"},"count":17544},{"signal":{"type":"item","name":"uranium-238"},"count":21609}]}}
get_transmitter_combinator:{"noop":true}
get_transmitter_combinator:{"noop":true}
get_transmitter_combinator:{"15007641":{"3":[{"signal":{"type":"item","name":"steel-plate"},"count":17556},{"signal":{"type":"item","name":"uranium-238"},"count":21613}]}}
get_transmitter_combinator:{"noop":true}
get_transmitter_combinator:{"noop":true}
get_transmitter_combinator:{"15007641":{"3":[{"signal":{"type":"item","name":"steel-plate"},"count":17564},{"signal":{"type":"item","name":"explosives"},"count":9572},{"signal":{"type":"item","name":"empty-barrel"},"count":1949},{"signal":{"type":"item","name":"uranium-238"},"count":21617}]}}
get_transmitter_combinator:{"noop":true}
get_transmitter_combinator:{"15007641":{"3":[{"signal":{"type":"item","name":"explosives"},"count":9579}]}}
get_transmitter_combinator:{"noop":true}
get_transmitter_combinator:{"noop":true}
get_transmitter_combinator:{"15007641":{"3":[{"signal":{"type":"item","name":"plastic-bar"},"count":4792},{"signal":{"type":"item","name":"sulfur"},"count":9588},{"signal":{"type":"item","name":"explosives"},"count":9600},{"signal":{"type":"item","name":"uranium-238"},"count":21625},{"signal":{"type":"item","name":"used-up-uranium-fuel-cell"},"count":40251}]}}
get_transmitter_combinator:{"noop":true}
get_transmitter_combinator:{"15007641":{"3":[{"signal":{"type":"item","name":"steel-plate"},"count":17592},{"signal":{"type":"item","name":"plastic-bar"},"count":4800},{"signal":{"type":"item","name":"empty-barrel"},"count":1950},{"signal":{"type":"item","name":"uranium-238"},"count":21629},{"signal":{"type":"item","name":"used-up-uranium-fuel-cell"},"count":40239}]}}
get_transmitter_combinator:{"15007641":{"3":[{"signal":{"type":"item","name":"steel-plate"},"count":17600},{"signal":{"type":"item","name":"sulfur"},"count":9592},{"signal":{"type":"item","name":"uranium-238"},"count":21632}]}}
get_transmitter_combinator:{"noop":true}
get_transmitter_combinator:{"15007641":{"3":[{"signal":{"type":"item","name":"sulfur"},"count":9596}]}}
get_transmitter_combinator:{"noop":true}
get_transmitter_combinator:{"noop":true}
get_transmitter_combinator:{"15007641":{"3":[{"signal":{"type":"item","name":"empty-barrel"},"count":1947},{"signal":{"type":"item","name":"uranium-238"},"count":21636},{"signal":{"type":"item","name":"uranium-fuel-cell"},"count":2388},{"signal":{"type":"item","name":"used-up-uranium-fuel-cell"},"count":40236}]}}
get_transmitter_combinator:{"noop":true}
get_transmitter_combinator:{"15007641":{"3":[{"signal":{"type":"item","name":"petroleum-gas-barrel"},"count":955},{"signal":{"type":"item","name":"empty-barrel"},"count":1943},{"signal":{"type":"item","name":"uranium-fuel-cell"},"count":2392}]}}
get_transmitter_combinator:{"noop":true}
get_transmitter_combinator:{"15007641":{"3":[{"signal":{"type":"item","name":"iron-plate"},"count":10784},{"signal":{"type":"item","name":"petroleum-gas-barrel"},"count":951},{"signal":{"type":"item","name":"water-barrel"},"count":1431},{"signal":{"type":"item","name":"empty-barrel"},"count":1944},{"signal":{"type":"item","name":"uranium-238"},"count":21624},{"signal":{"type":"item","name":"uranium-fuel-cell"},"count":2400},{"signal":{"type":"item","name":"used-up-uranium-fuel-cell"},"count":40239}]}}
get_transmitter_combinator:{"noop":true}
get_transmitter_combinator:{"15007641":{"3":[{"signal":{"type":"item","name":"iron-plate"},"count":10776},{"signal":{"type":"item","name":"sulfur"},"count":9600},{"signal":{"type":"item","name":"petroleum-gas-barrel"},"count":952},{"signal":{"type":"item","name":"water-barrel"},"count":1432},{"signal":{"type":"item","name":"uranium-235"},"count":26153},{"signal":{"type":"item","name":"uranium-238"},"count":21600},{"signal":{"type":"item","name":"artillery-shell"},"count":1775}]}}
get_transmitter_combinator:{"noop":true}
get_transmitter_combinator:{"15007641":{"3":[{"signal":{"type":"item","name":"empty-barrel"},"count":1940},{"signal":{"type":"item","name":"uranium-238"},"count":21551},{"signal":{"type":"item","name":"artillery-shell"},"count":1774}]}}
get_transmitter_combinator:{"noop":true}
get_transmitter_combinator:{"15007641":{"3":[{"signal":{"type":"item","name":"explosives"},"count":9588},{"signal":{"type":"item","name":"empty-barrel"},"count":1943},{"signal":{"type":"item","name":"uranium-235"},"count":26141},{"signal":{"type":"item","name":"uranium-238"},"count":21540},{"signal":{"type":"item","name":"artillery-shell"},"count":1776}]}}
get_transmitter_combinator:{"noop":true}
get_transmitter_combinator:{"15007641":{"3":[{"signal":{"type":"item","name":"uranium-ore"},"count":4776},{"signal":{"type":"item","name":"empty-barrel"},"count":1944},{"signal":{"type":"item","name":"uranium-235"},"count":26145},{"signal":{"type":"item","name":"uranium-238"},"count":21538}]}}
get_transmitter_combinator:{"noop":true}
get_transmitter_combinator:{"15007641":{"3":[{"signal":{"type":"item","name":"uranium-ore"},"count":4732},{"signal":{"type":"item","name":"petroleum-gas-barrel"},"count":940},{"signal":{"type":"item","name":"empty-barrel"},"count":1941},{"signal":{"type":"item","name":"uranium-235"},"count":26109},{"signal":{"type":"item","name":"uranium-238"},"count":21555}]}}
get_transmitter_combinator:{"15007641":{"3":[{"signal":{"type":"item","name":"uranium-ore"},"count":4764},{"signal":{"type":"item","name":"uranium-235"},"count":26029},{"signal":{"type":"item","name":"uranium-238"},"count":21567}]}}
get_transmitter_combinator:{"noop":true}
get_transmitter_combinator:{"noop":true}
get_transmitter_combinator:{"15007641":{"3":[{"signal":{"type":"item","name":"uranium-ore"},"count":4776},{"signal":{"type":"item","name":"empty-barrel"},"count":1944},{"signal":{"type":"item","name":"uranium-235"},"count":25945},{"signal":{"type":"item","name":"uranium-238"},"count":21559}]}}
get_transmitter_combinator:{"noop":true}
get_transmitter_combinator:{"15007641":{"3":[{"signal":{"type":"item","name":"uranium-ore"},"count":4752},{"signal":{"type":"item","name":"iron-plate"},"count":10779},{"signal":{"type":"item","name":"crude-oil-barrel"},"count":482},{"signal":{"type":"item","name":"empty-barrel"},"count":1950},{"signal":{"type":"item","name":"uranium-235"},"count":25881},{"signal":{"type":"item","name":"uranium-238"},"count":21565}]}}
get_transmitter_combinator:{"noop":true}
get_transmitter_combinator:{"15007641":{"3":[{"signal":{"type":"item","name":"uranium-ore"},"count":4769},{"signal":{"type":"item","name":"iron-plate"},"count":10788},{"signal":{"type":"item","name":"explosives"},"count":9600},{"signal":{"type":"item","name":"petroleum-gas-barrel"},"count":948},{"signal":{"type":"item","name":"empty-barrel"},"count":1939},{"signal":{"type":"item","name":"uranium-235"},"count":25841}]}}
get_transmitter_combinator:{"15007641":{"3":[{"signal":{"type":"item","name":"uranium-ore"},"count":4784},{"signal":{"type":"item","name":"uranium-235"},"count":25849},{"signal":{"type":"item","name":"uranium-238"},"count":21569}]}}
get_transmitter_combinator:{"noop":true}
get_transmitter_combinator:{"noop":true}
get_transmitter_combinator:{"15007641":{"3":[{"signal":{"type":"item","name":"uranium-ore"},"count":4760},{"signal":{"type":"item","name":"empty-barrel"},"count":1942},{"signal":{"type":"item","name":"uranium-235"},"count":25881},{"signal":{"type":"item","name":"uranium-238"},"count":21571}]}}
get_transmitter_combinator:{"noop":true}
get_transmitter_combinator:{"15007641":{"3":[{"signal":{"type":"item","name":"uranium-ore"},"count":4772},{"signal":{"type":"item","name":"water-barrel"},"count":1440},{"signal":{"type":"item","name":"empty-barrel"},"count":1946}]}}
get_transmitter_combinator:{"noop":true}
get_transmitter_combinator:{"15007641":{"3":[{"signal":{"type":"item","name":"uranium-ore"},"count":4784}]}}
get_transmitter_combinator:{"15007641":{"3":[{"signal":{"type":"item","name":"petroleum-gas-barrel"},"count":957},{"signal":{"type":"item","name":"empty-barrel"},"count":1938},{"signal":{"type":"item","name":"uranium-238"},"count":21572}]}}
get_transmitter_combinator:{"noop":true}
get_transmitter_combinator:{"noop":true}
get_transmitter_combinator:{"15007641":{"3":[{"signal":{"type":"item","name":"petroleum-gas-barrel"},"count":960},{"signal":{"type":"item","name":"used-up-uranium-fuel-cell"},"count":40227}]}}
get_transmitter_combinator:{"noop":true}
get_transmitter_combinator:{"noop":true}
get_transmitter_combinator:{"noop":true}
get_transmitter_combinator:{"15007641":{"3":[{"signal":{"type":"item","name":"uranium-ore"},"count":4772},{"signal":{"type":"item","name":"empty-barrel"},"count":1941},{"signal":{"type":"item","name":"uranium-238"},"count":21573}]}}
get_transmitter_combinator:{"noop":true}
get_transmitter_combinator:{"15007641":{"3":[{"signal":{"type":"item","name":"uranium-ore"},"count":4760},{"signal":{"type":"item","name":"empty-barrel"},"count":1945},{"signal":{"type":"item","name":"uranium-238"},"count":21575}]}}
get_transmitter_combinator:{"noop":true}
get_transmitter_combinator:{"15007641":{"3":[{"signal":{"type":"item","name":"uranium-ore"},"count":4769},{"signal":{"type":"item","name":"iron-plate"},"count":10800},{"signal":{"type":"item","name":"empty-barrel"},"count":1955}]}}
get_transmitter_combinator:{"noop":true}
get_transmitter_combinator:{"15007641":{"3":[{"signal":{"type":"item","name":"uranium-ore"},"count":4784},{"signal":{"type":"item","name":"empty-barrel"},"count":1956},{"signal":{"type":"item","name":"uranium-238"},"count":21577}]}}
get_transmitter_combinator:{"noop":true}
get_transmitter_combinator:{"15007641":{"3":[{"signal":{"type":"item","name":"uranium-ore"},"count":4760},{"signal":{"type":"item","name":"empty-barrel"},"count":1960},{"signal":{"type":"item","name":"uranium-235"},"count":25882},{"signal":{"type":"item","name":"uranium-238"},"count":21582}]}}
get_transmitter_combinator:{"noop":true}
get_transmitter_combinator:{"15007641":{"3":[{"signal":{"type":"item","name":"uranium-ore"},"count":4776},{"signal":{"type":"item","name":"empty-barrel"},"count":1961}]}}
get_transmitter_combinator:{"15007641":{"3":[{"signal":{"type":"item","name":"uranium-ore"},"count":4784},{"signal":{"type":"item","name":"uranium-235"},"count":25838},{"signal":{"type":"item","name":"uranium-238"},"count":21570}]}}
get_transmitter_combinator:{"noop":true}
get_transmitter_combinator:{"15007641":{"3":[{"signal":{"type":"item","name":"uranium-ore"},"count":4760},{"signal":{"type":"item","name":"empty-barrel"},"count":1960},{"signal":{"type":"item","name":"uranium-235"},"count":25837},{"signal":{"type":"item","name":"uranium-238"},"count":21565}]}}
get_transmitter_combinator:{"noop":true}
get_transmitter_combinator:{"noop":true}
get_transmitter_combinator:{"15007641":{"3":[{"signal":{"type":"item","name":"uranium-235"},"count":25821},{"signal":{"type":"item","name":"used-up-uranium-fuel-cell"},"count":40198}]}}
get_transmitter_combinator:{"noop":true}
get_transmitter_combinator:{"15007641":{"3":[{"signal":{"type":"item","name":"uranium-ore"},"count":4770},{"signal":{"type":"item","name":"uranium-235"},"count":25853},{"signal":{"type":"item","name":"uranium-238"},"count":21569}]}}
get_transmitter_combinator:{"15007641":{"3":[{"signal":{"type":"item","name":"uranium-ore"},"count":4760},{"signal":{"type":"item","name":"uranium-235"},"count":25873},{"signal":{"type":"item","name":"uranium-238"},"count":21574}]}}
get_transmitter_combinator:{"noop":true}
get_transmitter_combinator:{"noop":true}
get_transmitter_combinator:{"15007641":{"3":[{"signal":{"type":"item","name":"uranium-ore"},"count":4784},{"signal":{"type":"item","name":"uranium-238"},"count":21575}]}}
get_transmitter_combinator:{"noop":true}
get_transmitter_combinator:{"15007641":{"3":[{"signal":{"type":"item","name":"water-barrel"},"count":1441},{"signal":{"type":"item","name":"uranium-238"},"count":21574}]}}
get_transmitter_combinator:{"noop":true}
get_transmitter_combinator:{"15007641":{"3":[{"signal":{"type":"item","name":"uranium-ore"},"count":4772},{"signal":{"type":"item","name":"empty-barrel"},"count":1963},{"signal":{"type":"item","name":"used-up-uranium-fuel-cell"},"count":40183}]}}
get_transmitter_combinator:{"15007641":{"3":[{"signal":{"type":"item","name":"uranium-ore"},"count":4760},{"signal":{"type":"item","name":"petroleum-gas-barrel"},"count":963},{"signal":{"type":"item","name":"uranium-235"},"count":25869},{"signal":{"type":"item","name":"uranium-238"},"count":21576}]}}
get_transmitter_combinator:{"noop":true}
get_transmitter_combinator:{"noop":true}
get_transmitter_combinator:{"15007641":{"3":[{"signal":{"type":"item","name":"uranium-ore"},"count":4783},{"signal":{"type":"item","name":"empty-barrel"},"count":1964},{"signal":{"type":"item","name":"uranium-235"},"count":25865},{"signal":{"type":"item","name":"uranium-238"},"count":21580}]}}
get_transmitter_combinator:{"noop":true}
get_transmitter_combinator:{"15007641":{"3":[{"signal":{"type":"item","name":"uranium-ore"},"count":4788},{"signal":{"type":"item","name":"uranium-235"},"count":25881}]}}
get_transmitter_combinator:{"noop":true}
get_transmitter_combinator:{"15007641":{"3":[{"signal":{"type":"item","name":"uranium-238"},"count":21585}]}}
get_transmitter_combinator:{"noop":true}
get_transmitter_combinator:{"15007641":{"3":[{"signal":{"type":"item","name":"uranium-235"},"count":25889},{"signal":{"type":"item","name":"uranium-238"},"count":21594}]}}
get_transmitter_combinator:{"noop":true}
get_transmitter_combinator:{"15007641":{"3":[{"signal":{"type":"item","name":"uranium-235"},"count":25885},{"signal":{"type":"item","name":"uranium-238"},"count":21595}]}}
get_transmitter_combinator:{"noop":true}
get_transmitter_combinator:{"15007641":{"3":[{"signal":{"type":"item","name":"uranium-ore"},"count":4764},{"signal":{"type":"item","name":"uranium-235"},"count":25901},{"signal":{"type":"item","name":"uranium-238"},"count":21598}]}}
get_transmitter_combinator:{"noop":true}
get_transmitter_combinator:{"15007641":{"3":[{"signal":{"type":"item","name":"uranium-ore"},"count":4784},{"signal":{"type":"item","name":"empty-barrel"},"count":1961},{"signal":{"type":"item","name":"uranium-235"},"count":25905}]}}
get_transmitter_combinator:{"15007641":{"3":[{"signal":{"type":"item","name":"uranium-ore"},"count":4794},{"signal":{"type":"item","name":"uranium-235"},"count":25881},{"signal":{"type":"item","name":"uranium-238"},"count":21602}]}}
get_transmitter_combinator:{"noop":true}
get_transmitter_combinator:{"15007641":{"3":[{"signal":{"type":"item","name":"uranium-ore"},"count":4776},{"signal":{"type":"item","name":"uranium-238"},"count":21579},{"signal":{"type":"item","name":"used-up-uranium-fuel-cell"},"count":40153}]}}
get_transmitter_combinator:{"noop":true}
get_transmitter_combinator:{"15007641":{"3":[{"signal":{"type":"item","name":"uranium-235"},"count":25864},{"signal":{"type":"item","name":"uranium-238"},"count":21588}]}}
get_transmitter_combinator:{"noop":true}
get_transmitter_combinator:{"noop":true}
get_transmitter_combinator:{"15007641":{"3":[{"signal":{"type":"item","name":"uranium-ore"},"count":4800},{"signal":{"type":"item","name":"uranium-235"},"count":25904},{"signal":{"type":"item","name":"uranium-238"},"count":21591},{"signal":{"type":"item","name":"used-up-uranium-fuel-cell"},"count":40141}]}}
get_transmitter_combinator:{"15007641":{"3":[{"signal":{"type":"item","name":"uranium-ore"},"count":4788},{"signal":{"type":"item","name":"empty-barrel"},"count":1964},{"signal":{"type":"item","name":"uranium-238"},"count":21592},{"signal":{"type":"item","name":"used-up-uranium-fuel-cell"},"count":40126}]}}
get_transmitter_combinator:{"noop":true}
get_transmitter_combinator:{"15007641":{"3":[{"signal":{"type":"item","name":"uranium-ore"},"count":4784},{"signal":{"type":"item","name":"uranium-238"},"count":21597}]}}
get_transmitter_combinator:{"noop":true}
get_transmitter_combinator:{"15007641":{"3":[{"signal":{"type":"item","name":"uranium-ore"},"count":4796},{"signal":{"type":"item","name":"empty-barrel"},"count":1965},{"signal":{"type":"item","name":"uranium-235"},"count":25916}]}}
get_transmitter_combinator:{"noop":true}
get_transmitter_combinator:{"noop":true}
get_transmitter_combinator:{"noop":true}
get_transmitter_combinator:{"noop":true}
get_transmitter_combinator:{"15007641":{"3":[{"signal":{"type":"item","name":"uranium-ore"},"count":4776},{"signal":{"type":"item","name":"uranium-235"},"count":25917},{"signal":{"type":"item","name":"uranium-238"},"count":21599}]}}
get_transmitter_combinator:{"noop":true}
get_transmitter_combinator:{"15007641":{"3":[{"signal":{"type":"item","name":"uranium-ore"},"count":4788}]}}
get_transmitter_combinator:{"15007641":{"3":[{"signal":{"type":"item","name":"uranium-ore"},"count":4800},{"signal":{"type":"item","name":"used-up-uranium-fuel-cell"},"count":40135}]}}
get_transmitter_combinator:{"noop":true}
get_transmitter_combinator:{"noop":true}
get_transmitter_combinator:{"15007641":{"3":[{"signal":{"type":"item","name":"uranium-ore"},"count":4776},{"signal":{"type":"item","name":"uranium-235"},"count":25925},{"signal":{"type":"item","name":"uranium-238"},"count":21601},{"signal":{"type":"item","name":"used-up-uranium-fuel-cell"},"count":40138}]}}
get_transmitter_combinator:{"15007641":{"3":[{"signal":{"type":"item","name":"uranium-ore"},"count":4788},{"signal":{"type":"item","name":"empty-barrel"},"count":1962}]}}
get_transmitter_combinator:{"noop":true}
get_transmitter_combinator:{"noop":true}
get_transmitter_combinator:{"15007641":{"3":[{"signal":{"type":"item","name":"uranium-ore"},"count":4800},{"signal":{"type":"item","name":"uranium-238"},"count":21602},{"signal":{"type":"item","name":"used-up-uranium-fuel-cell"},"count":40141}]}}
get_transmitter_combinator:{"15007641":{"3":[{"signal":{"type":"item","name":"uranium-238"},"count":21608},{"signal":{"type":"item","name":"used-up-uranium-fuel-cell"},"count":40144}]}}
get_transmitter_combinator:{"noop":true}
get_transmitter_combinator:{"noop":true}
get_transmitter_combinator:{"noop":true}
get_transmitter_combinator:{"noop":true}
get_transmitter_combinator:{"15007641":{"3":[{"signal":{"type":"item","name":"uranium-235"},"count":25877},{"signal":{"type":"item","name":"uranium-238"},"count":21611}]},"15030954":{"42":[{"signal":{"type":"virtual","name":"signal-X"},"count":42}]}}
get_transmitter_combinator:{"noop":true}
get_transmitter_combinator:{"15007641":{"3":[{"signal":{"type":"item","name":"uranium-ore"},"count":4788},{"signal":{"type":"item","name":"uranium-235"},"count":25913}]}}
get_transmitter_combinator:{"15007641":{"3":[{"signal":{"type":"item","name":"uranium-ore"},"count":4776},{"signal":{"type":"item","name":"empty-barrel"},"count":1965},{"signal":{"type":"item","name":"uranium-235"},"count":25851},{"signal":{"type":"item","name":"uranium-238"},"count":21614}]}}
get_transmitter_combinator:{"noop":true}
get_transmitter_combinator:{"noop":true}
get_transmitter_combinator:{"15007641":{"3":[{"signal":{"type":"item","name":"uranium-ore"},"count":4800},{"signal":{"type":"item","name":"uranium-235"},"count":25895}]}}
get_transmitter_combinator:{"noop":true}
get_transmitter_combinator:{"15007641":{"3":[{"signal":{"type":"item","name":"empty-barrel"},"count":1966},{"signal":{"type":"item","name":"uranium-235"},"count":25923},{"signal":{"type":"item","name":"uranium-238"},"count":21617},{"signal":{"type":"item","name":"used-up-uranium-fuel-cell"},"count":40147}]}}
get_transmitter_combinator:{"noop":true}
get_transmitter_combinator:{"15007641":{"3":[{"signal":{"type":"item","name":"uranium-ore"},"count":4776},{"signal":{"type":"item","name":"uranium-238"},"count":21619}]}}
get_transmitter_combinator:{"noop":true}
get_transmitter_combinator:{"15007641":{"3":[{"signal":{"type":"item","name":"uranium-ore"},"count":4789}]}}
get_transmitter_combinator:{"noop":true}
get_transmitter_combinator:{"15007641":{"3":[{"signal":{"type":"item","name":"uranium-ore"},"count":4800},{"signal":{"type":"item","name":"uranium-238"},"count":21621},{"signal":{"type":"item","name":"used-up-uranium-fuel-cell"},"count":40150}]}}
get_transmitter_combinator:{"noop":true}
get_transmitter_combinator:{"15007641":{"3":[{"signal":{"type":"item","name":"uranium-ore"},"count":4776},{"signal":{"type":"item","name":"uranium-238"},"count":21623},{"signal":{"type":"item","name":"used-up-uranium-fuel-cell"},"count":40153},{"signal":{"type":"item","name":"artillery-shell"},"count":1775}]}}
get_transmitter_combinator:{"15007641":{"3":[{"signal":{"type":"item","name":"uranium-ore"},"count":4788},{"signal":{"type":"item","name":"used-up-uranium-fuel-cell"},"count":40156},{"signal":{"type":"item","name":"artillery-shell"},"count":1774}]}}
get_transmitter_combinator:{"noop":true}
get_transmitter_combinator:{"15007641":{"3":[{"signal":{"type":"item","name":"uranium-ore"},"count":4800},{"signal":{"type":"item","name":"explosives"},"count":9588},{"signal":{"type":"item","name":"empty-barrel"},"count":1963},{"signal":{"type":"item","name":"artillery-shell"},"count":1776}]}}
get_transmitter_combinator:{"noop":true}
get_transmitter_combinator:{"noop":true}
get_transmitter_combinator:{"15007641":{"3":[{"signal":{"type":"item","name":"uranium-ore"},"count":4776},{"signal":{"type":"item","name":"explosives"},"count":9590},{"signal":{"type":"item","name":"uranium-238"},"count":21625}]}}
get_transmitter_combinator:{"noop":true}
get_transmitter_combinator:{"15007641":{"3":[{"signal":{"type":"item","name":"coal"},"count":2388},{"signal":{"type":"item","name":"uranium-ore"},"count":4787},{"signal":{"type":"item","name":"explosives"},"count":9596}]}}
get_transmitter_combinator:{"noop":true}
get_transmitter_combinator:{"15007641":{"3":[{"signal":{"type":"item","name":"coal"},"count":2376},{"signal":{"type":"item","name":"uranium-ore"},"count":4800},{"signal":{"type":"item","name":"sulfur"},"count":9588},{"signal":{"type":"item","name":"explosives"},"count":9600},{"signal":{"type":"item","name":"used-up-uranium-fuel-cell"},"count":40144}]}}
get_transmitter_combinator:{"noop":true}
get_transmitter_combinator:{"15007641":{"3":[{"signal":{"type":"item","name":"coal"},"count":2364},{"signal":{"type":"item","name":"uranium-ore"},"count":4788},{"signal":{"type":"item","name":"sulfur"},"count":9576},{"signal":{"type":"item","name":"uranium-238"},"count":21627}]},"15030954":{"42":[{"signal":{"type":"virtual","name":"signal-X"},"count":0}]}}
get_transmitter_combinator:{"noop":true}
get_transmitter_combinator:{"15007641":{"3":[{"signal":{"type":"item","name":"coal"},"count":2352},{"signal":{"type":"item","name":"uranium-ore"},"count":4784},{"signal":{"type":"item","name":"empty-barrel"},"count":1966},{"signal":{"type":"item","name":"uranium-238"},"count":21629}]}}
get_transmitter_combinator:{"15007641":{"3":[{"signal":{"type":"item","name":"coal"},"count":2340},{"signal":{"type":"item","name":"uranium-ore"},"count":4800},{"signal":{"type":"item","name":"empty-barrel"},"count":1963},{"signal":{"type":"item","name":"uranium-235"},"count":25899},{"signal":{"type":"item","name":"uranium-238"},"count":21633}]}}
get_transmitter_combinator:{"noop":true}
get_transmitter_combinator:{"noop":true}
get_transmitter_combinator:{"15007641":{"3":[{"signal":{"type":"item","name":"empty-barrel"},"count":1964},{"signal":{"type":"item","name":"uranium-235"},"count":25895},{"signal":{"type":"item","name":"uranium-238"},"count":21617}]}}
get_transmitter_combinator:{"noop":true}
get_transmitter_combinator:{"15007641":{"3":[{"signal":{"type":"item","name":"coal"},"count":2352},{"signal":{"type":"item","name":"sulfur"},"count":9588},{"signal":{"type":"item","name":"uranium-235"},"count":25873},{"signal":{"type":"item","name":"uranium-238"},"count":21603}]}}
get_transmitter_combinator:{"noop":true}
get_transmitter_combinator:{"15007641":{"3":[{"signal":{"type":"item","name":"coal"},"count":2366},{"signal":{"type":"item","name":"sulfur"},"count":9596},{"signal":{"type":"item","name":"sulfuric-acid-barrel"},"count":950},{"signal":{"type":"item","name":"empty-barrel"},"count":1965},{"signal":{"type":"item","name":"uranium-235"},"count":25877},{"signal":{"type":"item","name":"uranium-238"},"count":21604}]}}
get_transmitter_combinator:{"noop":true}
get_transmitter_combinator:{"15007641":{"3":[{"signal":{"type":"item","name":"coal"},"count":2380},{"signal":{"type":"item","name":"sulfur"},"count":9600},{"signal":{"type":"item","name":"sulfuric-acid-barrel"},"count":952},{"signal":{"type":"item","name":"empty-barrel"},"count":1964},{"signal":{"type":"item","name":"uranium-235"},"count":25909},{"signal":{"type":"item","name":"uranium-238"},"count":21612}]}}
get_transmitter_combinator:{"noop":true}
get_transmitter_combinator:{"15007641":{"3":[{"signal":{"type":"item","name":"coal"},"count":2400},{"signal":{"type":"item","name":"uranium-ore"},"count":4776},{"signal":{"type":"item","name":"water-barrel"},"count":1429},{"signal":{"type":"item","name":"empty-barrel"},"count":1962},{"signal":{"type":"item","name":"uranium-235"},"count":25922},{"signal":{"type":"item","name":"uranium-238"},"count":21614}]}}
get_transmitter_combinator:{"15007641":{"3":[{"signal":{"type":"item","name":"uranium-ore"},"count":4787},{"signal":{"type":"item","name":"water-barrel"},"count":1416},{"signal":{"type":"item","name":"empty-barrel"},"count":1961}]}}
get_transmitter_combinator:{"noop":true}
